[debug] [2025-03-16T05:22:51.032Z] ----------------------------------------------------------------------
[debug] [2025-03-16T05:22:51.036Z] Command:       C:\Program Files\nodejs\node.exe C:\Users\music\AppData\Roaming\npm\node_modules\firebase-tools\lib\bin\firebase.js deploy
[debug] [2025-03-16T05:22:51.036Z] CLI Version:   13.34.0
[debug] [2025-03-16T05:22:51.036Z] Platform:      win32
[debug] [2025-03-16T05:22:51.037Z] Node Version:  v22.14.0
[debug] [2025-03-16T05:22:51.037Z] Time:          Sun Mar 16 2025 16:22:51 GMT+1100 (Australian Eastern Daylight Time)
[debug] [2025-03-16T05:22:51.037Z] ----------------------------------------------------------------------
[debug] 
[debug] [2025-03-16T05:22:51.291Z] > command requires scopes: ["email","openid","https://www.googleapis.com/auth/cloudplatformprojects.readonly","https://www.googleapis.com/auth/firebase","https://www.googleapis.com/auth/cloud-platform"]
[debug] [2025-03-16T05:22:51.291Z] > authorizing via signed-in user (musicaljasperj@gmail.com)
[debug] [2025-03-16T05:22:51.292Z] [iam] checking project dawntasyai for permissions ["firebase.projects.get","firebasehosting.sites.update"]
[debug] [2025-03-16T05:22:51.294Z] Checked if tokens are valid: true, expires at: 1742105281269
[debug] [2025-03-16T05:22:51.294Z] Checked if tokens are valid: true, expires at: 1742105281269
[debug] [2025-03-16T05:22:51.296Z] >>> [apiv2][query] POST https://cloudresourcemanager.googleapis.com/v1/projects/dawntasyai:testIamPermissions [none]
[debug] [2025-03-16T05:22:51.297Z] >>> [apiv2][(partial)header] POST https://cloudresourcemanager.googleapis.com/v1/projects/dawntasyai:testIamPermissions x-goog-quota-user=projects/dawntasyai
[debug] [2025-03-16T05:22:51.297Z] >>> [apiv2][body] POST https://cloudresourcemanager.googleapis.com/v1/projects/dawntasyai:testIamPermissions {"permissions":["firebase.projects.get","firebasehosting.sites.update"]}
[debug] [2025-03-16T05:22:53.434Z] <<< [apiv2][status] POST https://cloudresourcemanager.googleapis.com/v1/projects/dawntasyai:testIamPermissions 200
[debug] [2025-03-16T05:22:53.434Z] <<< [apiv2][body] POST https://cloudresourcemanager.googleapis.com/v1/projects/dawntasyai:testIamPermissions {"permissions":["firebase.projects.get","firebasehosting.sites.update"]}
[debug] [2025-03-16T05:22:53.434Z] Checked if tokens are valid: true, expires at: 1742105281269
[debug] [2025-03-16T05:22:53.434Z] Checked if tokens are valid: true, expires at: 1742105281269
[debug] [2025-03-16T05:22:53.435Z] >>> [apiv2][query] GET https://firebase.googleapis.com/v1beta1/projects/dawntasyai [none]
[debug] [2025-03-16T05:22:54.043Z] <<< [apiv2][status] GET https://firebase.googleapis.com/v1beta1/projects/dawntasyai 200
[debug] [2025-03-16T05:22:54.043Z] <<< [apiv2][body] GET https://firebase.googleapis.com/v1beta1/projects/dawntasyai {"projectId":"dawntasyai","projectNumber":"809395170084","displayName":"dawntasyai","name":"projects/dawntasyai","resources":{"hostingSite":"dawntasyai"},"state":"ACTIVE","etag":"1_15373c21-72d4-420d-80ea-a426bf7c30d5"}
[debug] [2025-03-16T05:22:54.044Z] Specified "public" directory "dist" does not exist; Deploy to Hosting site "dawntasyai" may fail or be empty.
[info] 
[info] === Deploying to 'dawntasyai'...
[info] 
[info] i  deploying hosting 
[debug] [2025-03-16T05:22:54.050Z] Checked if tokens are valid: true, expires at: 1742105281269
[debug] [2025-03-16T05:22:54.050Z] Checked if tokens are valid: true, expires at: 1742105281269
[debug] [2025-03-16T05:22:54.050Z] >>> [apiv2][query] POST https://firebasehosting.googleapis.com/v1beta1/projects/-/sites/dawntasyai/versions [none]
[debug] [2025-03-16T05:22:54.050Z] >>> [apiv2][body] POST https://firebasehosting.googleapis.com/v1beta1/projects/-/sites/dawntasyai/versions {"status":"CREATED","labels":{"deployment-tool":"cli-firebase"}}
